[2025-05-18 11:26:10] production.ERROR: No application encryption key has been specified. {"exception":"[object] (Illuminate\\Encryption\\MissingAppKeyException(code: 0): No application encryption key has been specified. at /var/www/OAGWXP/vendor/laravel/framework/src/Illuminate/Encryption/EncryptionServiceProvider.php:83)
[stacktrace]
#0 /var/www/OAGWXP/vendor/laravel/framework/src/Illuminate/Support/helpers.php(399): Illuminate\\Encryption\\EncryptionServiceProvider->Illuminate\\Encryption\\{closure}(NULL)
#1 /var/www/OAGWXP/vendor/laravel/framework/src/Illuminate/Encryption/EncryptionServiceProvider.php(81): tap(NULL, Object(Closure))
#2 /var/www/OAGWXP/vendor/laravel/framework/src/Illuminate/Encryption/EncryptionServiceProvider.php(64): Illuminate\\Encryption\\EncryptionServiceProvider->key(Array)
#3 /var/www/OAGWXP/vendor/laravel/framework/src/Illuminate/Encryption/EncryptionServiceProvider.php(32): Illuminate\\Encryption\\EncryptionServiceProvider->parseKey(Array)
#4 /var/www/OAGWXP/vendor/laravel/framework/src/Illuminate/Container/Container.php(1010): Illuminate\\Encryption\\EncryptionServiceProvider->Illuminate\\Encryption\\{closure}(Object(Illuminate\\Foundation\\Application), Array)
#5 /var/www/OAGWXP/vendor/laravel/framework/src/Illuminate/Container/Container.php(890): Illuminate\\Container\\Container->build(Object(Closure))
#6 /var/www/OAGWXP/vendor/laravel/framework/src/Illuminate/Foundation/Application.php(1078): Illuminate\\Container\\Container->resolve('encrypter', Array, true)
#7 /var/www/OAGWXP/vendor/laravel/framework/src/Illuminate/Container/Container.php(821): Illuminate\\Foundation\\Application->resolve('encrypter', Array)
#8 /var/www/OAGWXP/vendor/laravel/framework/src/Illuminate/Foundation/Application.php(1058): Illuminate\\Container\\Container->make('encrypter', Array)
#9 /var/www/OAGWXP/vendor/laravel/framework/src/Illuminate/Container/Container.php(1194): Illuminate\\Foundation\\Application->make('encrypter')
#10 /var/www/OAGWXP/vendor/laravel/framework/src/Illuminate/Container/Container.php(1101): Illuminate\\Container\\Container->resolveClass(Object(ReflectionParameter))
#11 /var/www/OAGWXP/vendor/laravel/framework/src/Illuminate/Container/Container.php(1052): Illuminate\\Container\\Container->resolveDependencies(Array)
#12 /var/www/OAGWXP/vendor/laravel/framework/src/Illuminate/Container/Container.php(890): Illuminate\\Container\\Container->build('Illuminate\\\\Cook...')
#13 /var/www/OAGWXP/vendor/laravel/framework/src/Illuminate/Foundation/Application.php(1078): Illuminate\\Container\\Container->resolve('Illuminate\\\\Cook...', Array, true)
#14 /var/www/OAGWXP/vendor/laravel/framework/src/Illuminate/Container/Container.php(821): Illuminate\\Foundation\\Application->resolve('Illuminate\\\\Cook...', Array)
#15 /var/www/OAGWXP/vendor/laravel/framework/src/Illuminate/Foundation/Application.php(1058): Illuminate\\Container\\Container->make('Illuminate\\\\Cook...', Array)
#16 /var/www/OAGWXP/vendor/laravel/framework/src/Illuminate/Pipeline/Pipeline.php(198): Illuminate\\Foundation\\Application->make('Illuminate\\\\Cook...')
#17 /var/www/OAGWXP/vendor/laravel/framework/src/Illuminate/Pipeline/Pipeline.php(127): Illuminate\\Pipeline\\Pipeline->Illuminate\\Pipeline\\{closure}(Object(Illuminate\\Http\\Request))
#18 /var/www/OAGWXP/vendor/laravel/framework/src/Illuminate/Routing/Router.php(808): Illuminate\\Pipeline\\Pipeline->then(Object(Closure))
#19 /var/www/OAGWXP/vendor/laravel/framework/src/Illuminate/Routing/Router.php(787): Illuminate\\Routing\\Router->runRouteWithinStack(Object(Illuminate\\Routing\\Route), Object(Illuminate\\Http\\Request))
#20 /var/www/OAGWXP/vendor/laravel/framework/src/Illuminate/Routing/Router.php(751): Illuminate\\Routing\\Router->runRoute(Object(Illuminate\\Http\\Request), Object(Illuminate\\Routing\\Route))
#21 /var/www/OAGWXP/vendor/laravel/framework/src/Illuminate/Routing/Router.php(740): Illuminate\\Routing\\Router->dispatchToRoute(Object(Illuminate\\Http\\Request))
#22 /var/www/OAGWXP/vendor/laravel/framework/src/Illuminate/Foundation/Http/Kernel.php(201): Illuminate\\Routing\\Router->dispatch(Object(Illuminate\\Http\\Request))
#23 /var/www/OAGWXP/vendor/laravel/framework/src/Illuminate/Pipeline/Pipeline.php(170): Illuminate\\Foundation\\Http\\Kernel->Illuminate\\Foundation\\Http\\{closure}(Object(Illuminate\\Http\\Request))
#24 /var/www/OAGWXP/vendor/laravel/framework/src/Illuminate/Foundation/Http/Middleware/TransformsRequest.php(21): Illuminate\\Pipeline\\Pipeline->Illuminate\\Pipeline\\{closure}(Object(Illuminate\\Http\\Request))
#25 /var/www/OAGWXP/vendor/laravel/framework/src/Illuminate/Foundation/Http/Middleware/ConvertEmptyStringsToNull.php(31): Illuminate\\Foundation\\Http\\Middleware\\TransformsRequest->handle(Object(Illuminate\\Http\\Request), Object(Closure))
#26 /var/www/OAGWXP/vendor/laravel/framework/src/Illuminate/Pipeline/Pipeline.php(209): Illuminate\\Foundation\\Http\\Middleware\\ConvertEmptyStringsToNull->handle(Object(Illuminate\\Http\\Request), Object(Closure))
#27 /var/www/OAGWXP/vendor/laravel/framework/src/Illuminate/Foundation/Http/Middleware/TransformsRequest.php(21): Illuminate\\Pipeline\\Pipeline->Illuminate\\Pipeline\\{closure}(Object(Illuminate\\Http\\Request))
#28 /var/www/OAGWXP/vendor/laravel/framework/src/Illuminate/Foundation/Http/Middleware/TrimStrings.php(51): Illuminate\\Foundation\\Http\\Middleware\\TransformsRequest->handle(Object(Illuminate\\Http\\Request), Object(Closure))
#29 /var/www/OAGWXP/vendor/laravel/framework/src/Illuminate/Pipeline/Pipeline.php(209): Illuminate\\Foundation\\Http\\Middleware\\TrimStrings->handle(Object(Illuminate\\Http\\Request), Object(Closure))
#30 /var/www/OAGWXP/vendor/laravel/framework/src/Illuminate/Http/Middleware/ValidatePostSize.php(27): Illuminate\\Pipeline\\Pipeline->Illuminate\\Pipeline\\{closure}(Object(Illuminate\\Http\\Request))
#31 /var/www/OAGWXP/vendor/laravel/framework/src/Illuminate/Pipeline/Pipeline.php(209): Illuminate\\Http\\Middleware\\ValidatePostSize->handle(Object(Illuminate\\Http\\Request), Object(Closure))
#32 /var/www/OAGWXP/vendor/laravel/framework/src/Illuminate/Foundation/Http/Middleware/PreventRequestsDuringMaintenance.php(110): Illuminate\\Pipeline\\Pipeline->Illuminate\\Pipeline\\{closure}(Object(Illuminate\\Http\\Request))
#33 /var/www/OAGWXP/vendor/laravel/framework/src/Illuminate/Pipeline/Pipeline.php(209): Illuminate\\Foundation\\Http\\Middleware\\PreventRequestsDuringMaintenance->handle(Object(Illuminate\\Http\\Request), Object(Closure))
#34 /var/www/OAGWXP/vendor/laravel/framework/src/Illuminate/Http/Middleware/HandleCors.php(49): Illuminate\\Pipeline\\Pipeline->Illuminate\\Pipeline\\{closure}(Object(Illuminate\\Http\\Request))
#35 /var/www/OAGWXP/vendor/laravel/framework/src/Illuminate/Pipeline/Pipeline.php(209): Illuminate\\Http\\Middleware\\HandleCors->handle(Object(Illuminate\\Http\\Request), Object(Closure))
#36 /var/www/OAGWXP/vendor/laravel/framework/src/Illuminate/Http/Middleware/TrustProxies.php(58): Illuminate\\Pipeline\\Pipeline->Illuminate\\Pipeline\\{closure}(Object(Illuminate\\Http\\Request))
#37 /var/www/OAGWXP/vendor/laravel/framework/src/Illuminate/Pipeline/Pipeline.php(209): Illuminate\\Http\\Middleware\\TrustProxies->handle(Object(Illuminate\\Http\\Request), Object(Closure))
#38 /var/www/OAGWXP/vendor/laravel/framework/src/Illuminate/Foundation/Http/Middleware/InvokeDeferredCallbacks.php(22): Illuminate\\Pipeline\\Pipeline->Illuminate\\Pipeline\\{closure}(Object(Illuminate\\Http\\Request))
#39 /var/www/OAGWXP/vendor/laravel/framework/src/Illuminate/Pipeline/Pipeline.php(209): Illuminate\\Foundation\\Http\\Middleware\\InvokeDeferredCallbacks->handle(Object(Illuminate\\Http\\Request), Object(Closure))
#40 /var/www/OAGWXP/vendor/laravel/framework/src/Illuminate/Http/Middleware/ValidatePathEncoding.php(26): Illuminate\\Pipeline\\Pipeline->Illuminate\\Pipeline\\{closure}(Object(Illuminate\\Http\\Request))
#41 /var/www/OAGWXP/vendor/laravel/framework/src/Illuminate/Pipeline/Pipeline.php(209): Illuminate\\Http\\Middleware\\ValidatePathEncoding->handle(Object(Illuminate\\Http\\Request), Object(Closure))
#42 /var/www/OAGWXP/vendor/laravel/framework/src/Illuminate/Pipeline/Pipeline.php(127): Illuminate\\Pipeline\\Pipeline->Illuminate\\Pipeline\\{closure}(Object(Illuminate\\Http\\Request))
#43 /var/www/OAGWXP/vendor/laravel/framework/src/Illuminate/Foundation/Http/Kernel.php(176): Illuminate\\Pipeline\\Pipeline->then(Object(Closure))
#44 /var/www/OAGWXP/vendor/laravel/framework/src/Illuminate/Foundation/Http/Kernel.php(145): Illuminate\\Foundation\\Http\\Kernel->sendRequestThroughRouter(Object(Illuminate\\Http\\Request))
#45 /var/www/OAGWXP/vendor/laravel/framework/src/Illuminate/Foundation/Application.php(1220): Illuminate\\Foundation\\Http\\Kernel->handle(Object(Illuminate\\Http\\Request))
#46 /var/www/OAGWXP/public/index.php(20): Illuminate\\Foundation\\Application->handleRequest(Object(Illuminate\\Http\\Request))
#47 {main}
"} 
[2025-05-18 11:26:10] production.ERROR: No application encryption key has been specified. {"exception":"[object] (Illuminate\\Encryption\\MissingAppKeyException(code: 0): No application encryption key has been specified. at /var/www/OAGWXP/vendor/laravel/framework/src/Illuminate/Encryption/EncryptionServiceProvider.php:83)
[stacktrace]
#0 /var/www/OAGWXP/vendor/laravel/framework/src/Illuminate/Support/helpers.php(399): Illuminate\\Encryption\\EncryptionServiceProvider->Illuminate\\Encryption\\{closure}(NULL)
#1 /var/www/OAGWXP/vendor/laravel/framework/src/Illuminate/Encryption/EncryptionServiceProvider.php(81): tap(NULL, Object(Closure))
#2 /var/www/OAGWXP/vendor/laravel/framework/src/Illuminate/Encryption/EncryptionServiceProvider.php(64): Illuminate\\Encryption\\EncryptionServiceProvider->key(Array)
#3 /var/www/OAGWXP/vendor/laravel/framework/src/Illuminate/Encryption/EncryptionServiceProvider.php(32): Illuminate\\Encryption\\EncryptionServiceProvider->parseKey(Array)
#4 /var/www/OAGWXP/vendor/laravel/framework/src/Illuminate/Container/Container.php(1010): Illuminate\\Encryption\\EncryptionServiceProvider->Illuminate\\Encryption\\{closure}(Object(Illuminate\\Foundation\\Application), Array)
#5 /var/www/OAGWXP/vendor/laravel/framework/src/Illuminate/Container/Container.php(890): Illuminate\\Container\\Container->build(Object(Closure))
#6 /var/www/OAGWXP/vendor/laravel/framework/src/Illuminate/Foundation/Application.php(1078): Illuminate\\Container\\Container->resolve('encrypter', Array, true)
#7 /var/www/OAGWXP/vendor/laravel/framework/src/Illuminate/Container/Container.php(821): Illuminate\\Foundation\\Application->resolve('encrypter', Array)
#8 /var/www/OAGWXP/vendor/laravel/framework/src/Illuminate/Foundation/Application.php(1058): Illuminate\\Container\\Container->make('encrypter', Array)
#9 /var/www/OAGWXP/vendor/laravel/framework/src/Illuminate/Container/Container.php(1194): Illuminate\\Foundation\\Application->make('encrypter')
#10 /var/www/OAGWXP/vendor/laravel/framework/src/Illuminate/Container/Container.php(1101): Illuminate\\Container\\Container->resolveClass(Object(ReflectionParameter))
#11 /var/www/OAGWXP/vendor/laravel/framework/src/Illuminate/Container/Container.php(1052): Illuminate\\Container\\Container->resolveDependencies(Array)
#12 /var/www/OAGWXP/vendor/laravel/framework/src/Illuminate/Container/Container.php(890): Illuminate\\Container\\Container->build('Illuminate\\\\Cook...')
#13 /var/www/OAGWXP/vendor/laravel/framework/src/Illuminate/Foundation/Application.php(1078): Illuminate\\Container\\Container->resolve('Illuminate\\\\Cook...', Array, true)
#14 /var/www/OAGWXP/vendor/laravel/framework/src/Illuminate/Container/Container.php(821): Illuminate\\Foundation\\Application->resolve('Illuminate\\\\Cook...', Array)
#15 /var/www/OAGWXP/vendor/laravel/framework/src/Illuminate/Foundation/Application.php(1058): Illuminate\\Container\\Container->make('Illuminate\\\\Cook...', Array)
#16 /var/www/OAGWXP/vendor/laravel/framework/src/Illuminate/Foundation/Http/Kernel.php(258): Illuminate\\Foundation\\Application->make('Illuminate\\\\Cook...')
#17 /var/www/OAGWXP/vendor/laravel/framework/src/Illuminate/Foundation/Http/Kernel.php(216): Illuminate\\Foundation\\Http\\Kernel->terminateMiddleware(Object(Illuminate\\Http\\Request), Object(Illuminate\\Http\\Response))
#18 /var/www/OAGWXP/vendor/laravel/framework/src/Illuminate/Foundation/Application.php(1222): Illuminate\\Foundation\\Http\\Kernel->terminate(Object(Illuminate\\Http\\Request), Object(Illuminate\\Http\\Response))
#19 /var/www/OAGWXP/public/index.php(20): Illuminate\\Foundation\\Application->handleRequest(Object(Illuminate\\Http\\Request))
#20 {main}
"} 
[2025-05-26 14:46:51] laravel.EMERGENCY: Unable to create configured logger. Using emergency logger. {"exception":"[object] (InvalidArgumentException(code: 0): Log [] is not defined. at /var/www/OAGWXP/vendor/laravel/framework/src/Illuminate/Log/LogManager.php:223)
[stacktrace]
#0 /var/www/OAGWXP/vendor/laravel/framework/src/Illuminate/Log/LogManager.php(139): Illuminate\\Log\\LogManager->resolve('', NULL)
#1 /var/www/OAGWXP/vendor/laravel/framework/src/Illuminate/Log/LogManager.php(126): Illuminate\\Log\\LogManager->get('')
#2 /var/www/OAGWXP/vendor/laravel/framework/src/Illuminate/Log/LogManager.php(695): Illuminate\\Log\\LogManager->driver()
#3 /var/www/OAGWXP/vendor/laravel/framework/src/Illuminate/Foundation/Exceptions/Handler.php(380): Illuminate\\Log\\LogManager->error('Class \"PhpOffic...', Array)
#4 /var/www/OAGWXP/vendor/laravel/framework/src/Illuminate/Foundation/Exceptions/Handler.php(343): Illuminate\\Foundation\\Exceptions\\Handler->reportThrowable(Object(Error))
#5 /var/www/OAGWXP/vendor/laravel/framework/src/Illuminate/Foundation/Http/Kernel.php(563): Illuminate\\Foundation\\Exceptions\\Handler->report(Object(Error))
#6 /var/www/OAGWXP/vendor/laravel/framework/src/Illuminate/Foundation/Http/Kernel.php(147): Illuminate\\Foundation\\Http\\Kernel->reportException(Object(Error))
#7 /var/www/OAGWXP/vendor/laravel/framework/src/Illuminate/Foundation/Application.php(1220): Illuminate\\Foundation\\Http\\Kernel->handle(Object(Illuminate\\Http\\Request))
#8 /var/www/OAGWXP/public/index.php(20): Illuminate\\Foundation\\Application->handleRequest(Object(Illuminate\\Http\\Request))
#9 {main}
"} 
[2025-05-26 14:46:51] laravel.ERROR: Class "PhpOffice\PhpSpreadsheet\Reader\Csv" not found {"exception":"[object] (Error(code: 0): Class \"PhpOffice\\PhpSpreadsheet\\Reader\\Csv\" not found at /var/www/OAGWXP/config/excel.php:131)
[stacktrace]
#0 /var/www/OAGWXP/vendor/laravel/framework/src/Illuminate/Foundation/Bootstrap/LoadConfiguration.php(96): require()
#1 /var/www/OAGWXP/vendor/laravel/framework/src/Illuminate/Foundation/Bootstrap/LoadConfiguration.php(96): Illuminate\\Foundation\\Bootstrap\\LoadConfiguration->Illuminate\\Foundation\\Bootstrap\\{closure}()
#2 /var/www/OAGWXP/vendor/laravel/framework/src/Illuminate/Foundation/Bootstrap/LoadConfiguration.php(77): Illuminate\\Foundation\\Bootstrap\\LoadConfiguration->loadConfigurationFile(Object(Illuminate\\Config\\Repository), 'excel', '/var/www/OAGWXP...', Array)
#3 /var/www/OAGWXP/vendor/laravel/framework/src/Illuminate/Foundation/Bootstrap/LoadConfiguration.php(38): Illuminate\\Foundation\\Bootstrap\\LoadConfiguration->loadConfigurationFiles(Object(Illuminate\\Foundation\\Application), Object(Illuminate\\Config\\Repository))
#4 /var/www/OAGWXP/vendor/laravel/framework/src/Illuminate/Foundation/Application.php(342): Illuminate\\Foundation\\Bootstrap\\LoadConfiguration->bootstrap(Object(Illuminate\\Foundation\\Application))
#5 /var/www/OAGWXP/vendor/laravel/framework/src/Illuminate/Foundation/Http/Kernel.php(187): Illuminate\\Foundation\\Application->bootstrapWith(Array)
#6 /var/www/OAGWXP/vendor/laravel/framework/src/Illuminate/Foundation/Http/Kernel.php(171): Illuminate\\Foundation\\Http\\Kernel->bootstrap()
#7 /var/www/OAGWXP/vendor/laravel/framework/src/Illuminate/Foundation/Http/Kernel.php(145): Illuminate\\Foundation\\Http\\Kernel->sendRequestThroughRouter(Object(Illuminate\\Http\\Request))
#8 /var/www/OAGWXP/vendor/laravel/framework/src/Illuminate/Foundation/Application.php(1220): Illuminate\\Foundation\\Http\\Kernel->handle(Object(Illuminate\\Http\\Request))
#9 /var/www/OAGWXP/public/index.php(20): Illuminate\\Foundation\\Application->handleRequest(Object(Illuminate\\Http\\Request))
#10 {main}
"} 
[2025-05-26 14:54:10] laravel.EMERGENCY: Unable to create configured logger. Using emergency logger. {"exception":"[object] (InvalidArgumentException(code: 0): Log [] is not defined. at /var/www/OAGWXP/vendor/laravel/framework/src/Illuminate/Log/LogManager.php:223)
[stacktrace]
#0 /var/www/OAGWXP/vendor/laravel/framework/src/Illuminate/Log/LogManager.php(139): Illuminate\\Log\\LogManager->resolve('', NULL)
#1 /var/www/OAGWXP/vendor/laravel/framework/src/Illuminate/Log/LogManager.php(126): Illuminate\\Log\\LogManager->get('')
#2 /var/www/OAGWXP/vendor/laravel/framework/src/Illuminate/Log/LogManager.php(695): Illuminate\\Log\\LogManager->driver()
#3 /var/www/OAGWXP/vendor/laravel/framework/src/Illuminate/Foundation/Exceptions/Handler.php(380): Illuminate\\Log\\LogManager->error('Class \"PhpOffic...', Array)
#4 /var/www/OAGWXP/vendor/laravel/framework/src/Illuminate/Foundation/Exceptions/Handler.php(343): Illuminate\\Foundation\\Exceptions\\Handler->reportThrowable(Object(Error))
#5 /var/www/OAGWXP/vendor/laravel/framework/src/Illuminate/Foundation/Http/Kernel.php(563): Illuminate\\Foundation\\Exceptions\\Handler->report(Object(Error))
#6 /var/www/OAGWXP/vendor/laravel/framework/src/Illuminate/Foundation/Http/Kernel.php(147): Illuminate\\Foundation\\Http\\Kernel->reportException(Object(Error))
#7 /var/www/OAGWXP/vendor/laravel/framework/src/Illuminate/Foundation/Application.php(1220): Illuminate\\Foundation\\Http\\Kernel->handle(Object(Illuminate\\Http\\Request))
#8 /var/www/OAGWXP/public/index.php(20): Illuminate\\Foundation\\Application->handleRequest(Object(Illuminate\\Http\\Request))
#9 {main}
"} 
[2025-05-26 14:54:10] laravel.ERROR: Class "PhpOffice\PhpSpreadsheet\Reader\Csv" not found {"exception":"[object] (Error(code: 0): Class \"PhpOffice\\PhpSpreadsheet\\Reader\\Csv\" not found at /var/www/OAGWXP/config/excel.php:131)
[stacktrace]
#0 /var/www/OAGWXP/vendor/laravel/framework/src/Illuminate/Foundation/Bootstrap/LoadConfiguration.php(96): require()
#1 /var/www/OAGWXP/vendor/laravel/framework/src/Illuminate/Foundation/Bootstrap/LoadConfiguration.php(96): Illuminate\\Foundation\\Bootstrap\\LoadConfiguration->Illuminate\\Foundation\\Bootstrap\\{closure}()
#2 /var/www/OAGWXP/vendor/laravel/framework/src/Illuminate/Foundation/Bootstrap/LoadConfiguration.php(77): Illuminate\\Foundation\\Bootstrap\\LoadConfiguration->loadConfigurationFile(Object(Illuminate\\Config\\Repository), 'excel', '/var/www/OAGWXP...', Array)
#3 /var/www/OAGWXP/vendor/laravel/framework/src/Illuminate/Foundation/Bootstrap/LoadConfiguration.php(38): Illuminate\\Foundation\\Bootstrap\\LoadConfiguration->loadConfigurationFiles(Object(Illuminate\\Foundation\\Application), Object(Illuminate\\Config\\Repository))
#4 /var/www/OAGWXP/vendor/laravel/framework/src/Illuminate/Foundation/Application.php(342): Illuminate\\Foundation\\Bootstrap\\LoadConfiguration->bootstrap(Object(Illuminate\\Foundation\\Application))
#5 /var/www/OAGWXP/vendor/laravel/framework/src/Illuminate/Foundation/Http/Kernel.php(187): Illuminate\\Foundation\\Application->bootstrapWith(Array)
#6 /var/www/OAGWXP/vendor/laravel/framework/src/Illuminate/Foundation/Http/Kernel.php(171): Illuminate\\Foundation\\Http\\Kernel->bootstrap()
#7 /var/www/OAGWXP/vendor/laravel/framework/src/Illuminate/Foundation/Http/Kernel.php(145): Illuminate\\Foundation\\Http\\Kernel->sendRequestThroughRouter(Object(Illuminate\\Http\\Request))
#8 /var/www/OAGWXP/vendor/laravel/framework/src/Illuminate/Foundation/Application.php(1220): Illuminate\\Foundation\\Http\\Kernel->handle(Object(Illuminate\\Http\\Request))
#9 /var/www/OAGWXP/public/index.php(20): Illuminate\\Foundation\\Application->handleRequest(Object(Illuminate\\Http\\Request))
#10 {main}
"} 
[2025-05-26 14:54:11] laravel.EMERGENCY: Unable to create configured logger. Using emergency logger. {"exception":"[object] (InvalidArgumentException(code: 0): Log [] is not defined. at /var/www/OAGWXP/vendor/laravel/framework/src/Illuminate/Log/LogManager.php:223)
[stacktrace]
#0 /var/www/OAGWXP/vendor/laravel/framework/src/Illuminate/Log/LogManager.php(139): Illuminate\\Log\\LogManager->resolve('', NULL)
#1 /var/www/OAGWXP/vendor/laravel/framework/src/Illuminate/Log/LogManager.php(126): Illuminate\\Log\\LogManager->get('')
#2 /var/www/OAGWXP/vendor/laravel/framework/src/Illuminate/Log/LogManager.php(695): Illuminate\\Log\\LogManager->driver()
#3 /var/www/OAGWXP/vendor/laravel/framework/src/Illuminate/Foundation/Exceptions/Handler.php(380): Illuminate\\Log\\LogManager->error('Class \"PhpOffic...', Array)
#4 /var/www/OAGWXP/vendor/laravel/framework/src/Illuminate/Foundation/Exceptions/Handler.php(343): Illuminate\\Foundation\\Exceptions\\Handler->reportThrowable(Object(Error))
#5 /var/www/OAGWXP/vendor/laravel/framework/src/Illuminate/Foundation/Http/Kernel.php(563): Illuminate\\Foundation\\Exceptions\\Handler->report(Object(Error))
#6 /var/www/OAGWXP/vendor/laravel/framework/src/Illuminate/Foundation/Http/Kernel.php(147): Illuminate\\Foundation\\Http\\Kernel->reportException(Object(Error))
#7 /var/www/OAGWXP/vendor/laravel/framework/src/Illuminate/Foundation/Application.php(1220): Illuminate\\Foundation\\Http\\Kernel->handle(Object(Illuminate\\Http\\Request))
#8 /var/www/OAGWXP/public/index.php(20): Illuminate\\Foundation\\Application->handleRequest(Object(Illuminate\\Http\\Request))
#9 {main}
"} 
[2025-05-26 14:54:11] laravel.ERROR: Class "PhpOffice\PhpSpreadsheet\Reader\Csv" not found {"exception":"[object] (Error(code: 0): Class \"PhpOffice\\PhpSpreadsheet\\Reader\\Csv\" not found at /var/www/OAGWXP/config/excel.php:131)
[stacktrace]
#0 /var/www/OAGWXP/vendor/laravel/framework/src/Illuminate/Foundation/Bootstrap/LoadConfiguration.php(96): require()
#1 /var/www/OAGWXP/vendor/laravel/framework/src/Illuminate/Foundation/Bootstrap/LoadConfiguration.php(96): Illuminate\\Foundation\\Bootstrap\\LoadConfiguration->Illuminate\\Foundation\\Bootstrap\\{closure}()
#2 /var/www/OAGWXP/vendor/laravel/framework/src/Illuminate/Foundation/Bootstrap/LoadConfiguration.php(77): Illuminate\\Foundation\\Bootstrap\\LoadConfiguration->loadConfigurationFile(Object(Illuminate\\Config\\Repository), 'excel', '/var/www/OAGWXP...', Array)
#3 /var/www/OAGWXP/vendor/laravel/framework/src/Illuminate/Foundation/Bootstrap/LoadConfiguration.php(38): Illuminate\\Foundation\\Bootstrap\\LoadConfiguration->loadConfigurationFiles(Object(Illuminate\\Foundation\\Application), Object(Illuminate\\Config\\Repository))
#4 /var/www/OAGWXP/vendor/laravel/framework/src/Illuminate/Foundation/Application.php(342): Illuminate\\Foundation\\Bootstrap\\LoadConfiguration->bootstrap(Object(Illuminate\\Foundation\\Application))
#5 /var/www/OAGWXP/vendor/laravel/framework/src/Illuminate/Foundation/Http/Kernel.php(187): Illuminate\\Foundation\\Application->bootstrapWith(Array)
#6 /var/www/OAGWXP/vendor/laravel/framework/src/Illuminate/Foundation/Http/Kernel.php(171): Illuminate\\Foundation\\Http\\Kernel->bootstrap()
#7 /var/www/OAGWXP/vendor/laravel/framework/src/Illuminate/Foundation/Http/Kernel.php(145): Illuminate\\Foundation\\Http\\Kernel->sendRequestThroughRouter(Object(Illuminate\\Http\\Request))
#8 /var/www/OAGWXP/vendor/laravel/framework/src/Illuminate/Foundation/Application.php(1220): Illuminate\\Foundation\\Http\\Kernel->handle(Object(Illuminate\\Http\\Request))
#9 /var/www/OAGWXP/public/index.php(20): Illuminate\\Foundation\\Application->handleRequest(Object(Illuminate\\Http\\Request))
#10 {main}
"} 
[2025-05-26 14:54:12] laravel.EMERGENCY: Unable to create configured logger. Using emergency logger. {"exception":"[object] (InvalidArgumentException(code: 0): Log [] is not defined. at /var/www/OAGWXP/vendor/laravel/framework/src/Illuminate/Log/LogManager.php:223)
[stacktrace]
#0 /var/www/OAGWXP/vendor/laravel/framework/src/Illuminate/Log/LogManager.php(139): Illuminate\\Log\\LogManager->resolve('', NULL)
#1 /var/www/OAGWXP/vendor/laravel/framework/src/Illuminate/Log/LogManager.php(126): Illuminate\\Log\\LogManager->get('')
#2 /var/www/OAGWXP/vendor/laravel/framework/src/Illuminate/Log/LogManager.php(695): Illuminate\\Log\\LogManager->driver()
#3 /var/www/OAGWXP/vendor/laravel/framework/src/Illuminate/Foundation/Exceptions/Handler.php(380): Illuminate\\Log\\LogManager->error('Class \"PhpOffic...', Array)
#4 /var/www/OAGWXP/vendor/laravel/framework/src/Illuminate/Foundation/Exceptions/Handler.php(343): Illuminate\\Foundation\\Exceptions\\Handler->reportThrowable(Object(Error))
#5 /var/www/OAGWXP/vendor/laravel/framework/src/Illuminate/Foundation/Http/Kernel.php(563): Illuminate\\Foundation\\Exceptions\\Handler->report(Object(Error))
#6 /var/www/OAGWXP/vendor/laravel/framework/src/Illuminate/Foundation/Http/Kernel.php(147): Illuminate\\Foundation\\Http\\Kernel->reportException(Object(Error))
#7 /var/www/OAGWXP/vendor/laravel/framework/src/Illuminate/Foundation/Application.php(1220): Illuminate\\Foundation\\Http\\Kernel->handle(Object(Illuminate\\Http\\Request))
#8 /var/www/OAGWXP/public/index.php(20): Illuminate\\Foundation\\Application->handleRequest(Object(Illuminate\\Http\\Request))
#9 {main}
"} 
[2025-05-26 14:54:12] laravel.ERROR: Class "PhpOffice\PhpSpreadsheet\Reader\Csv" not found {"exception":"[object] (Error(code: 0): Class \"PhpOffice\\PhpSpreadsheet\\Reader\\Csv\" not found at /var/www/OAGWXP/config/excel.php:131)
[stacktrace]
#0 /var/www/OAGWXP/vendor/laravel/framework/src/Illuminate/Foundation/Bootstrap/LoadConfiguration.php(96): require()
#1 /var/www/OAGWXP/vendor/laravel/framework/src/Illuminate/Foundation/Bootstrap/LoadConfiguration.php(96): Illuminate\\Foundation\\Bootstrap\\LoadConfiguration->Illuminate\\Foundation\\Bootstrap\\{closure}()
#2 /var/www/OAGWXP/vendor/laravel/framework/src/Illuminate/Foundation/Bootstrap/LoadConfiguration.php(77): Illuminate\\Foundation\\Bootstrap\\LoadConfiguration->loadConfigurationFile(Object(Illuminate\\Config\\Repository), 'excel', '/var/www/OAGWXP...', Array)
#3 /var/www/OAGWXP/vendor/laravel/framework/src/Illuminate/Foundation/Bootstrap/LoadConfiguration.php(38): Illuminate\\Foundation\\Bootstrap\\LoadConfiguration->loadConfigurationFiles(Object(Illuminate\\Foundation\\Application), Object(Illuminate\\Config\\Repository))
#4 /var/www/OAGWXP/vendor/laravel/framework/src/Illuminate/Foundation/Application.php(342): Illuminate\\Foundation\\Bootstrap\\LoadConfiguration->bootstrap(Object(Illuminate\\Foundation\\Application))
#5 /var/www/OAGWXP/vendor/laravel/framework/src/Illuminate/Foundation/Http/Kernel.php(187): Illuminate\\Foundation\\Application->bootstrapWith(Array)
#6 /var/www/OAGWXP/vendor/laravel/framework/src/Illuminate/Foundation/Http/Kernel.php(171): Illuminate\\Foundation\\Http\\Kernel->bootstrap()
#7 /var/www/OAGWXP/vendor/laravel/framework/src/Illuminate/Foundation/Http/Kernel.php(145): Illuminate\\Foundation\\Http\\Kernel->sendRequestThroughRouter(Object(Illuminate\\Http\\Request))
#8 /var/www/OAGWXP/vendor/laravel/framework/src/Illuminate/Foundation/Application.php(1220): Illuminate\\Foundation\\Http\\Kernel->handle(Object(Illuminate\\Http\\Request))
#9 /var/www/OAGWXP/public/index.php(20): Illuminate\\Foundation\\Application->handleRequest(Object(Illuminate\\Http\\Request))
#10 {main}
"} 
